Exception return from AArch64 EL2 to AArch64 EL1 PC 0x80038
Taking exception 5 [IRQ]
...from EL1 to EL1
...with ESR 0x0/0x0
...with ELR 0x8095c
...to EL1 PC 0x81a80 PSTATE 0x3c5
Exception return from AArch64 EL1 to AArch64 EL1 PC 0x8095c
Taking exception 5 [IRQ]
...from EL1 to EL1
...with ESR 0x0/0x0
...with ELR 0x8095c
...to EL1 PC 0x81a80 PSTATE 0x3c5
Exception return from AArch64 EL1 to AArch64 EL1 PC 0x8095c
Taking exception 5 [IRQ]
...from EL1 to EL1
...with ESR 0x0/0x0
...with ELR 0x8095c
...to EL1 PC 0x81a80 PSTATE 0x3c5
Exception return from AArch64 EL1 to AArch64 EL1 PC 0x8095c
Taking exception 5 [IRQ]
...from EL1 to EL1
...with ESR 0x0/0x0
...with ELR 0x8095c
...to EL1 PC 0x81a80 PSTATE 0x3c5
Exception return from AArch64 EL1 to AArch64 EL1 PC 0x8095c
